<?xml version="1.0" encoding="UTF-8"?>
<!-- Generated by org.testng.reporters.JUnitReportReporter -->
<testsuite hostname="DESKTOP-8S455D7" failures="0" tests="1" name="com.ty.rmyyantra.projecttest.AddSingleProjectWithCreatedStatus" time="0.214" errors="0" timestamp="2021-05-29T12:35:58 IST" skipped="0">
  <testcase classname="com.ty.rmyyantra.projecttest.AddSingleProjectWithCreatedStatus" name="addSingleProjectWithCreatedStatus" time="0.214"/>
  <system-out/>
</testsuite> <!-- com.ty.rmyyantra.projecttest.AddSingleProjectWithCreatedStatus -->
