<?xml version="1.0" encoding="UTF-8"?>
<!-- Generated by org.testng.reporters.JUnitReportReporter -->
<testsuite hostname="DESKTOP-8S455D7" failures="0" tests="1" name="com.ty.rmyyantra.projecttest.AddSingleProjectWithCompletedStatus3" time="6.974" errors="0" timestamp="2021-05-29T12:35:58 IST" skipped="0">
  <testcase classname="com.ty.rmyyantra.projecttest.AddSingleProjectWithCompletedStatus3" name="addSingleProjectWithCreatedStatus" time="6.974"/>
  <system-out/>
</testsuite> <!-- com.ty.rmyyantra.projecttest.AddSingleProjectWithCompletedStatus3 -->
